2019-08-16T12:42:00.008Z [32minfo[39m: 	Requesting...
2019-08-16T12:43:00.005Z [32minfo[39m: 	Requesting...
2019-08-16T12:44:00.011Z [32minfo[39m: 	Requesting...
2019-08-16T12:45:00.003Z [32minfo[39m: 	Requesting...
2019-08-16T12:46:00.003Z [32minfo[39m: 	Requesting...
2019-08-16T12:47:00.005Z [32minfo[39m: 	Requesting...
2019-08-16T12:48:00.009Z [32minfo[39m: 	Requesting...
2019-08-16T12:49:00.012Z [CRON] [32minfo[39m: 	Requesting...
2019-08-16T12:51:00.010Z [32minfo[39m: 	Requesting...
2019-08-16T12:52:00.022Z [32minfo[39m: 	[CRON]: Request made on Friday, August 16, 2019 3:52 PM
2019-08-16T12:53:00.017Z [32minfo[39m: 	[CRON]: Request made on Friday, August 16, 2019 3:53 PM
2019-08-16T12:54:00.009Z [32minfo[39m: 	[CRON]: Request made on Friday, August 16, 2019 3:54 PM
2019-08-16T12:55:00.006Z [32minfo[39m: 	[CRON]: Request made on Friday, August 16, 2019 3:55 PM
2019-08-16T12:56:00.014Z [32minfo[39m: 	[CRON]: Request made on Friday, August 16, 2019 3:56 PM
2019-08-16T12:57:00.004Z [32minfo[39m: 	[CRON]: Request made on Friday, August 16, 2019 3:57 PM
2019-08-16T12:58:00.013Z [32minfo[39m: 	[CRON]: Request made on Friday, August 16, 2019 3:58 PM
2019-08-16T12:59:00.015Z [32minfo[39m: 	[CRON]: Request made on Friday, August 16, 2019 3:59 PM
2019-08-16T12:59:01.382Z [32minfo[39m: 	[ARTICLES:CREATE]: New article created on Friday, August 16, 2019 3:59 PM
2019-08-16T12:59:01.441Z [32minfo[39m: 	[ARTICLES:CREATE]: Request to articles:create on Friday, August 16, 2019 3:59 PM was successful
2019-08-16T13:00:00.016Z [32minfo[39m: 	[CRON]: Request made on Friday, August 16, 2019 4:00 PM
2019-08-16T13:00:01.059Z [32minfo[39m: 	[ARTICLES:CREATE]: Request to articles:create on Friday, August 16, 2019 4:00 PM was successful
2019-08-16T13:03:29.389Z [32minfo[39m: 	[MONGOOSE]: Deleted all files from request collection
2019-08-16T13:08:57.715Z [32minfo[39m: 	[MONGOOSE]: Deleted all files from request collection
2019-08-16T13:08:57.963Z [32minfo[39m: 	[MONGOOSE]: Collectio Dropped
2019-08-16T13:10:11.819Z [32minfo[39m: 	[MONGOOSE]: Deleted all files from request collection
